<?xml version="1.0" encoding="UTF-8" ?>
<testsuite tests="64" failures="0" name="com.roslin.mwicks.spring.variation.controller.SNPChromosomeControllerTest" time="0.19" errors="0" skipped="0">
  <properties>
[...]
</properties>
  <testcase classname="com.roslin.mwicks.spring.variation.controller.SNPChromosomeControllerTest" name="searchLGE64" time="0.097"/>
  <testcase classname="com.roslin.mwicks.spring.variation.controller.SNPChromosomeControllerTest" name="downloadLGE64" time="0.003"/>
  <testcase classname="com.roslin.mwicks.spring.variation.controller.SNPChromosomeControllerTest" name="search10" time="0.002"/>
  <testcase classname="com.roslin.mwicks.spring.variation.controller.SNPChromosomeControllerTest" name="search11" time="0.003"/>
  <testcase classname="com.roslin.mwicks.spring.variation.controller.SNPChromosomeControllerTest" name="search12" time="0.003"/>
  <testcase classname="com.roslin.mwicks.spring.variation.controller.SNPChromosomeControllerTest" name="search13" time="0.002"/>
  <testcase classname="com.roslin.mwicks.spring.variation.controller.SNPChromosomeControllerTest" name="search14" time="0.002"/>
  <testcase classname="com.roslin.mwicks.spring.variation.controller.SNPChromosomeControllerTest" name="search15" time="0.001"/>
  <testcase classname="com.roslin.mwicks.spring.variation.controller.SNPChromosomeControllerTest" name="search16" time="0.002"/>
  <testcase classname="com.roslin.mwicks.spring.variation.controller.SNPChromosomeControllerTest" name="search17" time="0.002"/>
  <testcase classname="com.roslin.mwicks.spring.variation.controller.SNPChromosomeControllerTest" name="search18" time="0.002"/>
  <testcase classname="com.roslin.mwicks.spring.variation.controller.SNPChromosomeControllerTest" name="search19" time="0.002"/>
  <testcase classname="com.roslin.mwicks.spring.variation.controller.SNPChromosomeControllerTest" name="search20" time="0.003"/>
  <testcase classname="com.roslin.mwicks.spring.variation.controller.SNPChromosomeControllerTest" name="search21" time="0.002"/>
  <testcase classname="com.roslin.mwicks.spring.variation.controller.SNPChromosomeControllerTest" name="search22" time="0.002"/>
  <testcase classname="com.roslin.mwicks.spring.variation.controller.SNPChromosomeControllerTest" name="search23" time="0.003"/>
  <testcase classname="com.roslin.mwicks.spring.variation.controller.SNPChromosomeControllerTest" name="search24" time="0.002"/>
  <testcase classname="com.roslin.mwicks.spring.variation.controller.SNPChromosomeControllerTest" name="search25" time="0.002"/>
  <testcase classname="com.roslin.mwicks.spring.variation.controller.SNPChromosomeControllerTest" name="search26" time="0.002"/>
  <testcase classname="com.roslin.mwicks.spring.variation.controller.SNPChromosomeControllerTest" name="search27" time="0.002"/>
  <testcase classname="com.roslin.mwicks.spring.variation.controller.SNPChromosomeControllerTest" name="search28" time="0.001"/>
  <testcase classname="com.roslin.mwicks.spring.variation.controller.SNPChromosomeControllerTest" name="search32" time="0.002"/>
  <testcase classname="com.roslin.mwicks.spring.variation.controller.SNPChromosomeControllerTest" name="searchLGE22C19W28_E50C23" time="0.002"/>
  <testcase classname="com.roslin.mwicks.spring.variation.controller.SNPChromosomeControllerTest" name="download1" time="0.001"/>
  <testcase classname="com.roslin.mwicks.spring.variation.controller.SNPChromosomeControllerTest" name="download3" time="0.001"/>
  <testcase classname="com.roslin.mwicks.spring.variation.controller.SNPChromosomeControllerTest" name="download4" time="0.001"/>
  <testcase classname="com.roslin.mwicks.spring.variation.controller.SNPChromosomeControllerTest" name="download5" time="0.001"/>
  <testcase classname="com.roslin.mwicks.spring.variation.controller.SNPChromosomeControllerTest" name="download6" time="0.001"/>
  <testcase classname="com.roslin.mwicks.spring.variation.controller.SNPChromosomeControllerTest" name="download7" time="0.001"/>
  <testcase classname="com.roslin.mwicks.spring.variation.controller.SNPChromosomeControllerTest" name="download8" time="0.002"/>
  <testcase classname="com.roslin.mwicks.spring.variation.controller.SNPChromosomeControllerTest" name="download9" time="0.001"/>
  <testcase classname="com.roslin.mwicks.spring.variation.controller.SNPChromosomeControllerTest" name="downloadW" time="0.001"/>
  <testcase classname="com.roslin.mwicks.spring.variation.controller.SNPChromosomeControllerTest" name="downloadZ" time="0.001"/>
  <testcase classname="com.roslin.mwicks.spring.variation.controller.SNPChromosomeControllerTest" name="downloadLGE22C19W28_E50C23" time="0.002"/>
  <testcase classname="com.roslin.mwicks.spring.variation.controller.SNPChromosomeControllerTest" name="search1" time="0.001"/>
  <testcase classname="com.roslin.mwicks.spring.variation.controller.SNPChromosomeControllerTest" name="search3" time="0.001"/>
  <testcase classname="com.roslin.mwicks.spring.variation.controller.SNPChromosomeControllerTest" name="search4" time="0.001"/>
  <testcase classname="com.roslin.mwicks.spring.variation.controller.SNPChromosomeControllerTest" name="search5" time="0.002"/>
  <testcase classname="com.roslin.mwicks.spring.variation.controller.SNPChromosomeControllerTest" name="search6" time="0.001"/>
  <testcase classname="com.roslin.mwicks.spring.variation.controller.SNPChromosomeControllerTest" name="search7" time="0.002"/>
  <testcase classname="com.roslin.mwicks.spring.variation.controller.SNPChromosomeControllerTest" name="search8" time="0.001"/>
  <testcase classname="com.roslin.mwicks.spring.variation.controller.SNPChromosomeControllerTest" name="search9" time="0.002"/>
  <testcase classname="com.roslin.mwicks.spring.variation.controller.SNPChromosomeControllerTest" name="searchW" time="0.001"/>
  <testcase classname="com.roslin.mwicks.spring.variation.controller.SNPChromosomeControllerTest" name="searchZ" time="0.001"/>
  <testcase classname="com.roslin.mwicks.spring.variation.controller.SNPChromosomeControllerTest" name="download10" time="0.001"/>
  <testcase classname="com.roslin.mwicks.spring.variation.controller.SNPChromosomeControllerTest" name="download11" time="0.001"/>
  <testcase classname="com.roslin.mwicks.spring.variation.controller.SNPChromosomeControllerTest" name="download12" time="0"/>
  <testcase classname="com.roslin.mwicks.spring.variation.controller.SNPChromosomeControllerTest" name="download13" time="0.001"/>
  <testcase classname="com.roslin.mwicks.spring.variation.controller.SNPChromosomeControllerTest" name="download14" time="0.001"/>
  <testcase classname="com.roslin.mwicks.spring.variation.controller.SNPChromosomeControllerTest" name="download15" time="0.001"/>
  <testcase classname="com.roslin.mwicks.spring.variation.controller.SNPChromosomeControllerTest" name="download16" time="0.001"/>
  <testcase classname="com.roslin.mwicks.spring.variation.controller.SNPChromosomeControllerTest" name="download17" time="0.001"/>
  <testcase classname="com.roslin.mwicks.spring.variation.controller.SNPChromosomeControllerTest" name="download18" time="0.001"/>
  <testcase classname="com.roslin.mwicks.spring.variation.controller.SNPChromosomeControllerTest" name="download19" time="0.001"/>
  <testcase classname="com.roslin.mwicks.spring.variation.controller.SNPChromosomeControllerTest" name="download20" time="0.001"/>
  <testcase classname="com.roslin.mwicks.spring.variation.controller.SNPChromosomeControllerTest" name="download21" time="0.001"/>
  <testcase classname="com.roslin.mwicks.spring.variation.controller.SNPChromosomeControllerTest" name="download22" time="0.001"/>
  <testcase classname="com.roslin.mwicks.spring.variation.controller.SNPChromosomeControllerTest" name="download23" time="0.001"/>
  <testcase classname="com.roslin.mwicks.spring.variation.controller.SNPChromosomeControllerTest" name="download24" time="0.001"/>
  <testcase classname="com.roslin.mwicks.spring.variation.controller.SNPChromosomeControllerTest" name="download25" time="0.002"/>
  <testcase classname="com.roslin.mwicks.spring.variation.controller.SNPChromosomeControllerTest" name="download26" time="0.001"/>
  <testcase classname="com.roslin.mwicks.spring.variation.controller.SNPChromosomeControllerTest" name="download27" time="0.001"/>
  <testcase classname="com.roslin.mwicks.spring.variation.controller.SNPChromosomeControllerTest" name="download28" time="0.001"/>
  <testcase classname="com.roslin.mwicks.spring.variation.controller.SNPChromosomeControllerTest" name="download32" time="0.001"/>
</testsuite>